Using pre-set license
Built from '2020.3/staging' branch; Version is '2020.3.25f1 (9b9180224418) revision 10195328'; Using compiler version '192528614'; Build Type 'Release'
OS: 'Windows 10  (10.0.19042) 64bit Core' Language: 'de' Physical Memory: 6030 MB
BatchMode: 1, IsHumanControllingUs: 0, StartBugReporterOnCrash: 0, Is64bit: 1, IsPro: 0

COMMAND LINE ARGUMENTS:
C:\Program Files\Unity\Hub\Editor\2020.3.25f1\Editor\Unity.exe
-adb2
-batchMode
-noUpm
-name
AssetImportWorker0
-projectPath
C:/Users/Lars/Documents/GitHub/GGJ22
-logFile
Logs/AssetImportWorker0.log
-srvPort
55226
Successfully changed project path to: C:/Users/Lars/Documents/GitHub/GGJ22
C:/Users/Lars/Documents/GitHub/GGJ22
Using Asset Import Pipeline V2.
Refreshing native plugins compatible for Editor in 80.80 ms, found 2 plugins.
Preloading 0 native plugins for Editor in 0.00 ms.
Initialize engine version: 2020.3.25f1 (9b9180224418)
[Subsystems] Discovering subsystems at path C:/Program Files/Unity/Hub/Editor/2020.3.25f1/Editor/Data/Resources/UnitySubsystems
[Subsystems] Discovering subsystems at path C:/Users/Lars/Documents/GitHub/GGJ22/Assets
GfxDevice: creating device client; threaded=0
Direct3D:
    Version:  Direct3D 11.0 [level 11.1]
    Renderer: AMD Radeon(TM) Graphics (ID=0x15d8)
    Vendor:   
    VRAM:     3015 MB
    Driver:   27.20.1021.1002
Initialize mono
Mono path[0] = 'C:/Program Files/Unity/Hub/Editor/2020.3.25f1/Editor/Data/Managed'
Mono path[1] = 'C:/Program Files/Unity/Hub/Editor/2020.3.25f1/Editor/Data/MonoBleedingEdge/lib/mono/unityjit'
Mono config path = 'C:/Program Files/Unity/Hub/Editor/2020.3.25f1/Editor/Data/MonoBleedingEdge/etc'
Using monoOptions --debugger-agent=transport=dt_socket,embedding=1,server=y,suspend=n,address=127.0.0.1:56392
Begin MonoManager ReloadAssembly
Registering precompiled unity dll's ...
Register platform support module: C:/Program Files/Unity/Hub/Editor/2020.3.25f1/Editor/Data/PlaybackEngines/WindowsStandaloneSupport/UnityEditor.WindowsStandalone.Extensions.dll
Registered in 0.002828 seconds.
Native extension for WindowsStandalone target not found
Refreshing native plugins compatible for Editor in 84.59 ms, found 2 plugins.
Preloading 0 native plugins for Editor in 0.00 ms.
Mono: successfully reloaded assembly
- Completed reload, in  0.918 seconds
Domain Reload Profiling:
	ReloadAssembly (918ms)
		BeginReloadAssembly (81ms)
			ExecutionOrderSort (0ms)
			DisableScriptedObjects (0ms)
			BackupInstance (0ms)
			ReleaseScriptingObjects (0ms)
			CreateAndSetChildDomain (1ms)
		EndReloadAssembly (728ms)
			LoadAssemblies (78ms)
			RebuildTransferFunctionScriptingTraits (0ms)
			SetupTypeCache (201ms)
			ReleaseScriptCaches (0ms)
			RebuildScriptCaches (62ms)
			SetupLoadedEditorAssemblies (294ms)
				LogAssemblyErrors (0ms)
				InitializePlatformSupportModulesInManaged (8ms)
				SetLoadedEditorAssemblies (1ms)
				RefreshPlugins (85ms)
				BeforeProcessingInitializeOnLoad (28ms)
				ProcessInitializeOnLoadAttributes (123ms)
				ProcessInitializeOnLoadMethodAttributes (48ms)
				AfterProcessingInitializeOnLoad (0ms)
				EditorAssembliesLoaded (0ms)
			ExecutionOrderSort2 (0ms)
			AwakeInstancesAfterBackupRestoration (0ms)
Platform modules already initialized, skipping
Registering precompiled user dll's ...
Registered in 0.006949 seconds.
Begin MonoManager ReloadAssembly
Native extension for WindowsStandalone target not found
Refreshing native plugins compatible for Editor in 75.34 ms, found 2 plugins.
Preloading 0 native plugins for Editor in 0.00 ms.
Mono: successfully reloaded assembly
- Completed reload, in  1.732 seconds
Domain Reload Profiling:
	ReloadAssembly (1733ms)
		BeginReloadAssembly (206ms)
			ExecutionOrderSort (0ms)
			DisableScriptedObjects (7ms)
			BackupInstance (0ms)
			ReleaseScriptingObjects (0ms)
			CreateAndSetChildDomain (38ms)
		EndReloadAssembly (1436ms)
			LoadAssemblies (135ms)
			RebuildTransferFunctionScriptingTraits (0ms)
			SetupTypeCache (433ms)
			ReleaseScriptCaches (1ms)
			RebuildScriptCaches (117ms)
			SetupLoadedEditorAssemblies (566ms)
				LogAssemblyErrors (0ms)
				InitializePlatformSupportModulesInManaged (9ms)
				SetLoadedEditorAssemblies (0ms)
				RefreshPlugins (75ms)
				BeforeProcessingInitializeOnLoad (146ms)
				ProcessInitializeOnLoadAttributes (312ms)
				ProcessInitializeOnLoadMethodAttributes (14ms)
				AfterProcessingInitializeOnLoad (10ms)
				EditorAssembliesLoaded (0ms)
			ExecutionOrderSort2 (0ms)
			AwakeInstancesAfterBackupRestoration (9ms)
Platform modules already initialized, skipping
========================================================================
Worker process is ready to serve import requests
Launched and connected shader compiler UnityShaderCompiler.exe after 0.08 seconds
Refreshing native plugins compatible for Editor in 1.27 ms, found 2 plugins.
Preloading 0 native plugins for Editor in 0.00 ms.
Unloading 2946 Unused Serialized files (Serialized files now loaded: 0)
System memory in use before: 137.5 MB.
System memory in use after: 137.7 MB.

Unloading 20 unused Assets to reduce memory usage. Loaded Objects now: 3379.
Total: 6.422600 ms (FindLiveObjects: 0.405800 ms CreateObjectMapping: 0.167700 ms MarkObjects: 5.722100 ms  DeleteObjects: 0.124400 ms)

AssetImportParameters requested are different than current active one (requested -> active):
  custom:framework-win-MediaFoundation: 216162199b28c13a410421893ffa2e32 -> 
  custom:video-decoder-ogg-theora: a1e56fd34408186e4bbccfd4996cb3dc -> 
  custom:container-muxer-webm: aa71ff27fc2769a1b78a27578f13a17b -> 
  custom:container-demuxer-webm: 4f35f7cbe854078d1ac9338744f61a02 -> 
  custom:container-demuxer-ogg: 62fdf1f143b41e24485cea50d1cbac27 -> 
  custom:video-encoder-webm-vp8: eb34c28f22e8b96e1ab97ce403110664 -> 
  custom:video-codec-MediaFoundation-h265: 746d11721c4dcdbdad8f713fa42b33f4 -> 
  custom:video-decoder-webm-vp8: 9c59270c3fd7afecdb556c50c9e8de78 -> 
  custom:audio-decoder-ogg-vorbis: bf7c407c2cedff20999df2af8eb42d56 -> 
  custom:audio-encoder-webm-vorbis: bf7c407c2cedff20999df2af8eb42d56 -> 
========================================================================
Received Import Request.
  path: Assets/Laser_Shoot42.wav
  artifactKey: Guid(a9e4b7a242f8cf246a9b68dccb4066d3) Importer(815301076,1909f56bfc062723c751e8b465ee728b)
Start importing Assets/Laser_Shoot42.wav using Guid(a9e4b7a242f8cf246a9b68dccb4066d3) Importer(815301076,1909f56bfc062723c751e8b465ee728b)  -> (artifact id: '02daedb1a3bdb88fa0d0f85c668d6894') in 0.231664 seconds 
  Import took 0.238958 seconds .

========================================================================
Received Import Request.
  Time since last request: 24.136356 seconds.
  path: Assets/Invert.prefab
  artifactKey: Guid(14114464da8022c4fbf0b791a39168f8) Importer(815301076,1909f56bfc062723c751e8b465ee728b)
Start importing Assets/Invert.prefab using Guid(14114464da8022c4fbf0b791a39168f8) Importer(815301076,1909f56bfc062723c751e8b465ee728b)  -> (artifact id: 'aa85dc4f7a58a645d2cf5ec5f79223df') in 0.296156 seconds 
  Import took 0.304427 seconds .

========================================================================
Received Import Request.
  Time since last request: 0.000334 seconds.
  path: Assets/SloMo.prefab
  artifactKey: Guid(ba75ef476de3b1440b7d7b8a6f23624d) Importer(815301076,1909f56bfc062723c751e8b465ee728b)
Start importing Assets/SloMo.prefab using Guid(ba75ef476de3b1440b7d7b8a6f23624d) Importer(815301076,1909f56bfc062723c751e8b465ee728b)  -> (artifact id: '9506e7c5a2c224363edc2ce86ccc4706') in 0.029342 seconds 
  Import took 0.035828 seconds .

========================================================================
Received Import Request.
  Time since last request: 0.000366 seconds.
  path: Assets/PushBack.prefab
  artifactKey: Guid(1d6abe7b59606e542b873d5d9d5c8177) Importer(815301076,1909f56bfc062723c751e8b465ee728b)
Start importing Assets/PushBack.prefab using Guid(1d6abe7b59606e542b873d5d9d5c8177) Importer(815301076,1909f56bfc062723c751e8b465ee728b)  -> (artifact id: 'fd8c6d204909fed2d407f11b09f83890') in 0.026539 seconds 
  Import took 0.035387 seconds .

========================================================================
Received Import Request.
  Time since last request: 0.000728 seconds.
  path: Assets/PullForward.prefab
  artifactKey: Guid(d20428b97bd7e9c46b7a2ec21fbbe7b2) Importer(815301076,1909f56bfc062723c751e8b465ee728b)
Start importing Assets/PullForward.prefab using Guid(d20428b97bd7e9c46b7a2ec21fbbe7b2) Importer(815301076,1909f56bfc062723c751e8b465ee728b)  -> (artifact id: '49278b3d35b75eeb63ded28b69e6edec') in 0.029159 seconds 
  Import took 0.036889 seconds .

========================================================================
Received Import Request.
  Time since last request: 15.908321 seconds.
  path: Assets/Invert.prefab
  artifactKey: Guid(14114464da8022c4fbf0b791a39168f8) Importer(815301076,1909f56bfc062723c751e8b465ee728b)
Start importing Assets/Invert.prefab using Guid(14114464da8022c4fbf0b791a39168f8) Importer(815301076,1909f56bfc062723c751e8b465ee728b)  -> (artifact id: 'fdc464493ea5452bd5b25671ebb1118a') in 0.020144 seconds 
  Import took 0.027754 seconds .

========================================================================
Received Import Request.
  Time since last request: 0.000320 seconds.
  path: Assets/SloMo.prefab
  artifactKey: Guid(ba75ef476de3b1440b7d7b8a6f23624d) Importer(815301076,1909f56bfc062723c751e8b465ee728b)
Start importing Assets/SloMo.prefab using Guid(ba75ef476de3b1440b7d7b8a6f23624d) Importer(815301076,1909f56bfc062723c751e8b465ee728b)  -> (artifact id: 'c5e1247fb7504025dea6ac036419af53') in 0.019399 seconds 
  Import took 0.026932 seconds .

========================================================================
Received Import Request.
  Time since last request: 0.000355 seconds.
  path: Assets/PushBack.prefab
  artifactKey: Guid(1d6abe7b59606e542b873d5d9d5c8177) Importer(815301076,1909f56bfc062723c751e8b465ee728b)
Start importing Assets/PushBack.prefab using Guid(1d6abe7b59606e542b873d5d9d5c8177) Importer(815301076,1909f56bfc062723c751e8b465ee728b)  -> (artifact id: '925286513ba959b9b08429dd2dc1264c') in 0.022355 seconds 
  Import took 0.030227 seconds .

========================================================================
Received Import Request.
  Time since last request: 0.000294 seconds.
  path: Assets/PullForward.prefab
  artifactKey: Guid(d20428b97bd7e9c46b7a2ec21fbbe7b2) Importer(815301076,1909f56bfc062723c751e8b465ee728b)
Start importing Assets/PullForward.prefab using Guid(d20428b97bd7e9c46b7a2ec21fbbe7b2) Importer(815301076,1909f56bfc062723c751e8b465ee728b)  -> (artifact id: '170ac5fddd8fde7ab48952f0416e6b45') in 0.019919 seconds 
  Import took 0.027663 seconds .

========================================================================
Received Prepare
Registering precompiled user dll's ...
Registered in 0.010226 seconds.
Begin MonoManager ReloadAssembly
Native extension for WindowsStandalone target not found
Refreshing native plugins compatible for Editor in 1.00 ms, found 2 plugins.
Preloading 0 native plugins for Editor in 0.00 ms.
Mono: successfully reloaded assembly
- Completed reload, in  1.713 seconds
Domain Reload Profiling:
	ReloadAssembly (1714ms)
		BeginReloadAssembly (201ms)
			ExecutionOrderSort (0ms)
			DisableScriptedObjects (10ms)
			BackupInstance (0ms)
			ReleaseScriptingObjects (0ms)
			CreateAndSetChildDomain (63ms)
		EndReloadAssembly (1407ms)
			LoadAssemblies (140ms)
			RebuildTransferFunctionScriptingTraits (0ms)
			SetupTypeCache (477ms)
			ReleaseScriptCaches (2ms)
			RebuildScriptCaches (77ms)
			SetupLoadedEditorAssemblies (507ms)
				LogAssemblyErrors (0ms)
				InitializePlatformSupportModulesInManaged (6ms)
				SetLoadedEditorAssemblies (1ms)
				RefreshPlugins (1ms)
				BeforeProcessingInitializeOnLoad (149ms)
				ProcessInitializeOnLoadAttributes (326ms)
				ProcessInitializeOnLoadMethodAttributes (14ms)
				AfterProcessingInitializeOnLoad (10ms)
				EditorAssembliesLoaded (1ms)
			ExecutionOrderSort2 (0ms)
			AwakeInstancesAfterBackupRestoration (24ms)
Platform modules already initialized, skipping
Refreshing native plugins compatible for Editor in 0.67 ms, found 2 plugins.
Preloading 0 native plugins for Editor in 0.00 ms.
Unloading 2797 Unused Serialized files (Serialized files now loaded: 0)
System memory in use before: 131.7 MB.
System memory in use after: 131.9 MB.

Unloading 15 unused Assets to reduce memory usage. Loaded Objects now: 3429.
Total: 5.865400 ms (FindLiveObjects: 0.375000 ms CreateObjectMapping: 0.144300 ms MarkObjects: 5.318300 ms  DeleteObjects: 0.026100 ms)

AssetImportParameters requested are different than current active one (requested -> active):
  custom:framework-win-MediaFoundation: 216162199b28c13a410421893ffa2e32 -> 
  custom:video-decoder-ogg-theora: a1e56fd34408186e4bbccfd4996cb3dc -> 
  custom:container-muxer-webm: aa71ff27fc2769a1b78a27578f13a17b -> 
  custom:container-demuxer-webm: 4f35f7cbe854078d1ac9338744f61a02 -> 
  custom:container-demuxer-ogg: 62fdf1f143b41e24485cea50d1cbac27 -> 
  custom:video-encoder-webm-vp8: eb34c28f22e8b96e1ab97ce403110664 -> 
  custom:video-codec-MediaFoundation-h265: 746d11721c4dcdbdad8f713fa42b33f4 -> 
  custom:video-decoder-webm-vp8: 9c59270c3fd7afecdb556c50c9e8de78 -> 
  custom:audio-decoder-ogg-vorbis: bf7c407c2cedff20999df2af8eb42d56 -> 
  custom:audio-encoder-webm-vorbis: bf7c407c2cedff20999df2af8eb42d56 -> 
========================================================================
Received Import Request.
  Time since last request: 98.474550 seconds.
  path: Assets/SloMo.prefab
  artifactKey: Guid(ba75ef476de3b1440b7d7b8a6f23624d) Importer(815301076,1909f56bfc062723c751e8b465ee728b)
Start importing Assets/SloMo.prefab using Guid(ba75ef476de3b1440b7d7b8a6f23624d) Importer(815301076,1909f56bfc062723c751e8b465ee728b)  -> (artifact id: 'db3e672343862d1305b75ccc0c8457a3') in 0.266398 seconds 
  Import took 0.273889 seconds .

========================================================================
Received Import Request.
  Time since last request: 0.000372 seconds.
  path: Assets/PushBack.prefab
  artifactKey: Guid(1d6abe7b59606e542b873d5d9d5c8177) Importer(815301076,1909f56bfc062723c751e8b465ee728b)
Start importing Assets/PushBack.prefab using Guid(1d6abe7b59606e542b873d5d9d5c8177) Importer(815301076,1909f56bfc062723c751e8b465ee728b)  -> (artifact id: '9514b7d9b2366fda7008d0c40a7de259') in 0.021420 seconds 
  Import took 0.031276 seconds .

========================================================================
Received Import Request.
  Time since last request: 0.000475 seconds.
  path: Assets/Invert.prefab
  artifactKey: Guid(14114464da8022c4fbf0b791a39168f8) Importer(815301076,1909f56bfc062723c751e8b465ee728b)
Start importing Assets/Invert.prefab using Guid(14114464da8022c4fbf0b791a39168f8) Importer(815301076,1909f56bfc062723c751e8b465ee728b)  -> (artifact id: '607d72016f9843cfca3795f23a1583c9') in 0.019061 seconds 
  Import took 0.027101 seconds .

========================================================================
Received Import Request.
  Time since last request: 0.000391 seconds.
  path: Assets/PullForward.prefab
  artifactKey: Guid(d20428b97bd7e9c46b7a2ec21fbbe7b2) Importer(815301076,1909f56bfc062723c751e8b465ee728b)
Start importing Assets/PullForward.prefab using Guid(d20428b97bd7e9c46b7a2ec21fbbe7b2) Importer(815301076,1909f56bfc062723c751e8b465ee728b)  -> (artifact id: '2a3b86cc330883a0193b8e645a0b5de0') in 0.029070 seconds 
  Import took 0.036127 seconds .

========================================================================
Received Prepare
Registering precompiled user dll's ...
Registered in 0.007548 seconds.
Begin MonoManager ReloadAssembly
Native extension for WindowsStandalone target not found
Refreshing native plugins compatible for Editor in 0.75 ms, found 2 plugins.
Preloading 0 native plugins for Editor in 0.00 ms.
Mono: successfully reloaded assembly
- Completed reload, in  1.732 seconds
Domain Reload Profiling:
	ReloadAssembly (1732ms)
		BeginReloadAssembly (198ms)
			ExecutionOrderSort (0ms)
			DisableScriptedObjects (11ms)
			BackupInstance (0ms)
			ReleaseScriptingObjects (0ms)
			CreateAndSetChildDomain (75ms)
		EndReloadAssembly (1425ms)
			LoadAssemblies (145ms)
			RebuildTransferFunctionScriptingTraits (0ms)
			SetupTypeCache (505ms)
			ReleaseScriptCaches (2ms)
			RebuildScriptCaches (68ms)
			SetupLoadedEditorAssemblies (494ms)
				LogAssemblyErrors (0ms)
				InitializePlatformSupportModulesInManaged (6ms)
				SetLoadedEditorAssemblies (1ms)
				RefreshPlugins (1ms)
				BeforeProcessingInitializeOnLoad (127ms)
				ProcessInitializeOnLoadAttributes (332ms)
				ProcessInitializeOnLoadMethodAttributes (16ms)
				AfterProcessingInitializeOnLoad (11ms)
				EditorAssembliesLoaded (1ms)
			ExecutionOrderSort2 (0ms)
			AwakeInstancesAfterBackupRestoration (29ms)
Platform modules already initialized, skipping
Refreshing native plugins compatible for Editor in 0.84 ms, found 2 plugins.
Preloading 0 native plugins for Editor in 0.00 ms.
Unloading 2797 Unused Serialized files (Serialized files now loaded: 0)
System memory in use before: 131.8 MB.
System memory in use after: 132.1 MB.

Unloading 15 unused Assets to reduce memory usage. Loaded Objects now: 3467.
Total: 6.297600 ms (FindLiveObjects: 0.415500 ms CreateObjectMapping: 0.191700 ms MarkObjects: 5.652400 ms  DeleteObjects: 0.035600 ms)

AssetImportParameters requested are different than current active one (requested -> active):
  custom:framework-win-MediaFoundation: 216162199b28c13a410421893ffa2e32 -> 
  custom:video-decoder-ogg-theora: a1e56fd34408186e4bbccfd4996cb3dc -> 
  custom:container-muxer-webm: aa71ff27fc2769a1b78a27578f13a17b -> 
  custom:container-demuxer-webm: 4f35f7cbe854078d1ac9338744f61a02 -> 
  custom:container-demuxer-ogg: 62fdf1f143b41e24485cea50d1cbac27 -> 
  custom:video-encoder-webm-vp8: eb34c28f22e8b96e1ab97ce403110664 -> 
  custom:video-codec-MediaFoundation-h265: 746d11721c4dcdbdad8f713fa42b33f4 -> 
  custom:video-decoder-webm-vp8: 9c59270c3fd7afecdb556c50c9e8de78 -> 
  custom:audio-decoder-ogg-vorbis: bf7c407c2cedff20999df2af8eb42d56 -> 
  custom:audio-encoder-webm-vorbis: bf7c407c2cedff20999df2af8eb42d56 -> 
========================================================================
Received Prepare
Registering precompiled user dll's ...
Registered in 0.006891 seconds.
Begin MonoManager ReloadAssembly
Native extension for WindowsStandalone target not found
Refreshing native plugins compatible for Editor in 0.88 ms, found 2 plugins.
Preloading 0 native plugins for Editor in 0.00 ms.
Mono: successfully reloaded assembly
- Completed reload, in  1.577 seconds
Domain Reload Profiling:
	ReloadAssembly (1577ms)
		BeginReloadAssembly (159ms)
			ExecutionOrderSort (0ms)
			DisableScriptedObjects (7ms)
			BackupInstance (0ms)
			ReleaseScriptingObjects (0ms)
			CreateAndSetChildDomain (48ms)
		EndReloadAssembly (1324ms)
			LoadAssemblies (132ms)
			RebuildTransferFunctionScriptingTraits (0ms)
			SetupTypeCache (439ms)
			ReleaseScriptCaches (2ms)
			RebuildScriptCaches (86ms)
			SetupLoadedEditorAssemblies (459ms)
				LogAssemblyErrors (0ms)
				InitializePlatformSupportModulesInManaged (6ms)
				SetLoadedEditorAssemblies (2ms)
				RefreshPlugins (1ms)
				BeforeProcessingInitializeOnLoad (127ms)
				ProcessInitializeOnLoadAttributes (298ms)
				ProcessInitializeOnLoadMethodAttributes (13ms)
				AfterProcessingInitializeOnLoad (11ms)
				EditorAssembliesLoaded (0ms)
			ExecutionOrderSort2 (0ms)
			AwakeInstancesAfterBackupRestoration (25ms)
Platform modules already initialized, skipping
Refreshing native plugins compatible for Editor in 0.68 ms, found 2 plugins.
Preloading 0 native plugins for Editor in 0.00 ms.
Unloading 2797 Unused Serialized files (Serialized files now loaded: 0)
System memory in use before: 131.9 MB.
System memory in use after: 132.1 MB.

Unloading 15 unused Assets to reduce memory usage. Loaded Objects now: 3469.
Total: 6.507500 ms (FindLiveObjects: 0.448600 ms CreateObjectMapping: 0.169100 ms MarkObjects: 5.857000 ms  DeleteObjects: 0.030800 ms)

AssetImportParameters requested are different than current active one (requested -> active):
  custom:framework-win-MediaFoundation: 216162199b28c13a410421893ffa2e32 -> 
  custom:video-decoder-ogg-theora: a1e56fd34408186e4bbccfd4996cb3dc -> 
  custom:container-muxer-webm: aa71ff27fc2769a1b78a27578f13a17b -> 
  custom:container-demuxer-webm: 4f35f7cbe854078d1ac9338744f61a02 -> 
  custom:container-demuxer-ogg: 62fdf1f143b41e24485cea50d1cbac27 -> 
  custom:video-encoder-webm-vp8: eb34c28f22e8b96e1ab97ce403110664 -> 
  custom:video-codec-MediaFoundation-h265: 746d11721c4dcdbdad8f713fa42b33f4 -> 
  custom:video-decoder-webm-vp8: 9c59270c3fd7afecdb556c50c9e8de78 -> 
  custom:audio-decoder-ogg-vorbis: bf7c407c2cedff20999df2af8eb42d56 -> 
  custom:audio-encoder-webm-vorbis: bf7c407c2cedff20999df2af8eb42d56 -> 
========================================================================
Received Prepare
Registering precompiled user dll's ...
Registered in 0.006974 seconds.
Begin MonoManager ReloadAssembly
Native extension for WindowsStandalone target not found
Refreshing native plugins compatible for Editor in 0.69 ms, found 2 plugins.
Preloading 0 native plugins for Editor in 0.00 ms.
Mono: successfully reloaded assembly
- Completed reload, in  1.521 seconds
Domain Reload Profiling:
	ReloadAssembly (1522ms)
		BeginReloadAssembly (168ms)
			ExecutionOrderSort (0ms)
			DisableScriptedObjects (11ms)
			BackupInstance (0ms)
			ReleaseScriptingObjects (0ms)
			CreateAndSetChildDomain (47ms)
		EndReloadAssembly (1261ms)
			LoadAssemblies (126ms)
			RebuildTransferFunctionScriptingTraits (0ms)
			SetupTypeCache (410ms)
			ReleaseScriptCaches (2ms)
			RebuildScriptCaches (79ms)
			SetupLoadedEditorAssemblies (458ms)
				LogAssemblyErrors (0ms)
				InitializePlatformSupportModulesInManaged (6ms)
				SetLoadedEditorAssemblies (1ms)
				RefreshPlugins (1ms)
				BeforeProcessingInitializeOnLoad (136ms)
				ProcessInitializeOnLoadAttributes (292ms)
				ProcessInitializeOnLoadMethodAttributes (11ms)
				AfterProcessingInitializeOnLoad (10ms)
				EditorAssembliesLoaded (0ms)
			ExecutionOrderSort2 (0ms)
			AwakeInstancesAfterBackupRestoration (24ms)
Platform modules already initialized, skipping
Refreshing native plugins compatible for Editor in 1.08 ms, found 2 plugins.
Preloading 0 native plugins for Editor in 0.00 ms.
Unloading 2797 Unused Serialized files (Serialized files now loaded: 0)
System memory in use before: 131.9 MB.
System memory in use after: 132.1 MB.

Unloading 15 unused Assets to reduce memory usage. Loaded Objects now: 3471.
Total: 6.002800 ms (FindLiveObjects: 0.492200 ms CreateObjectMapping: 0.164700 ms MarkObjects: 5.315400 ms  DeleteObjects: 0.028100 ms)

AssetImportParameters requested are different than current active one (requested -> active):
  custom:framework-win-MediaFoundation: 216162199b28c13a410421893ffa2e32 -> 
  custom:video-decoder-ogg-theora: a1e56fd34408186e4bbccfd4996cb3dc -> 
  custom:container-muxer-webm: aa71ff27fc2769a1b78a27578f13a17b -> 
  custom:container-demuxer-webm: 4f35f7cbe854078d1ac9338744f61a02 -> 
  custom:container-demuxer-ogg: 62fdf1f143b41e24485cea50d1cbac27 -> 
  custom:video-encoder-webm-vp8: eb34c28f22e8b96e1ab97ce403110664 -> 
  custom:video-codec-MediaFoundation-h265: 746d11721c4dcdbdad8f713fa42b33f4 -> 
  custom:video-decoder-webm-vp8: 9c59270c3fd7afecdb556c50c9e8de78 -> 
  custom:audio-decoder-ogg-vorbis: bf7c407c2cedff20999df2af8eb42d56 -> 
  custom:audio-encoder-webm-vorbis: bf7c407c2cedff20999df2af8eb42d56 -> 
========================================================================
Received Import Request.
  Time since last request: 150.236791 seconds.
  path: Assets/Invert.prefab
  artifactKey: Guid(14114464da8022c4fbf0b791a39168f8) Importer(815301076,1909f56bfc062723c751e8b465ee728b)
Start importing Assets/Invert.prefab using Guid(14114464da8022c4fbf0b791a39168f8) Importer(815301076,1909f56bfc062723c751e8b465ee728b)  -> (artifact id: '11e89d0c79fcbae4777a70d41151c2ce') in 0.256395 seconds 
  Import took 0.264576 seconds .

========================================================================
Received Import Request.
  Time since last request: 0.000288 seconds.
  path: Assets/SloMo.prefab
  artifactKey: Guid(ba75ef476de3b1440b7d7b8a6f23624d) Importer(815301076,1909f56bfc062723c751e8b465ee728b)
Start importing Assets/SloMo.prefab using Guid(ba75ef476de3b1440b7d7b8a6f23624d) Importer(815301076,1909f56bfc062723c751e8b465ee728b)  -> (artifact id: '695563623cdc5c8ca07efeab0953df7c') in 0.018976 seconds 
  Import took 0.026596 seconds .

========================================================================
Received Import Request.
  Time since last request: 0.000461 seconds.
  path: Assets/PushBack.prefab
  artifactKey: Guid(1d6abe7b59606e542b873d5d9d5c8177) Importer(815301076,1909f56bfc062723c751e8b465ee728b)
Start importing Assets/PushBack.prefab using Guid(1d6abe7b59606e542b873d5d9d5c8177) Importer(815301076,1909f56bfc062723c751e8b465ee728b)  -> (artifact id: '74af26315ddf2837e4025aaf1346b889') in 0.020265 seconds 
  Import took 0.027248 seconds .

========================================================================
Received Import Request.
  Time since last request: 0.000340 seconds.
  path: Assets/PullForward.prefab
  artifactKey: Guid(d20428b97bd7e9c46b7a2ec21fbbe7b2) Importer(815301076,1909f56bfc062723c751e8b465ee728b)
Start importing Assets/PullForward.prefab using Guid(d20428b97bd7e9c46b7a2ec21fbbe7b2) Importer(815301076,1909f56bfc062723c751e8b465ee728b)  -> (artifact id: '8dccc58b3dd9af1b74a280a6a1bc5725') in 0.024185 seconds 
  Import took 0.031345 seconds .

========================================================================
Received Import Request.
  Time since last request: 5.188108 seconds.
  path: Assets/Scenes/MainMenu.unity
  artifactKey: Guid(8c3611dfabbe6ec4d881f60e3d69b3b1) Importer(815301076,1909f56bfc062723c751e8b465ee728b)
Start importing Assets/Scenes/MainMenu.unity using Guid(8c3611dfabbe6ec4d881f60e3d69b3b1) Importer(815301076,1909f56bfc062723c751e8b465ee728b)  -> (artifact id: '8549946863b05b50b157e982755a0d6b') in 0.013843 seconds 
  Import took 0.032584 seconds .

========================================================================
Received Import Request.
  Time since last request: 0.637413 seconds.
  path: Assets/Scenes/SampleScene.unity
  artifactKey: Guid(9fc0d4010bbf28b4594072e72b8655ab) Importer(815301076,1909f56bfc062723c751e8b465ee728b)
Start importing Assets/Scenes/SampleScene.unity using Guid(9fc0d4010bbf28b4594072e72b8655ab) Importer(815301076,1909f56bfc062723c751e8b465ee728b)  -> (artifact id: '72bf0f7ef72e043464ad3863d58a1a29') in 0.016526 seconds 
  Import took 0.024619 seconds .

========================================================================
Received Prepare
Registering precompiled user dll's ...
Registered in 0.007511 seconds.
Begin MonoManager ReloadAssembly
Native extension for WindowsStandalone target not found
Refreshing native plugins compatible for Editor in 0.89 ms, found 2 plugins.
Preloading 0 native plugins for Editor in 0.00 ms.
Mono: successfully reloaded assembly
- Completed reload, in  1.558 seconds
Domain Reload Profiling:
	ReloadAssembly (1559ms)
		BeginReloadAssembly (200ms)
			ExecutionOrderSort (0ms)
			DisableScriptedObjects (10ms)
			BackupInstance (0ms)
			ReleaseScriptingObjects (0ms)
			CreateAndSetChildDomain (60ms)
		EndReloadAssembly (1259ms)
			LoadAssemblies (149ms)
			RebuildTransferFunctionScriptingTraits (0ms)
			SetupTypeCache (389ms)
			ReleaseScriptCaches (2ms)
			RebuildScriptCaches (71ms)
			SetupLoadedEditorAssemblies (476ms)
				LogAssemblyErrors (0ms)
				InitializePlatformSupportModulesInManaged (6ms)
				SetLoadedEditorAssemblies (1ms)
				RefreshPlugins (1ms)
				BeforeProcessingInitializeOnLoad (142ms)
				ProcessInitializeOnLoadAttributes (305ms)
				ProcessInitializeOnLoadMethodAttributes (11ms)
				AfterProcessingInitializeOnLoad (10ms)
				EditorAssembliesLoaded (0ms)
			ExecutionOrderSort2 (0ms)
			AwakeInstancesAfterBackupRestoration (25ms)
Platform modules already initialized, skipping
Refreshing native plugins compatible for Editor in 0.67 ms, found 2 plugins.
Preloading 0 native plugins for Editor in 0.00 ms.
Unloading 2797 Unused Serialized files (Serialized files now loaded: 0)
System memory in use before: 132.0 MB.
System memory in use after: 132.3 MB.

Unloading 15 unused Assets to reduce memory usage. Loaded Objects now: 3509.
Total: 4.855500 ms (FindLiveObjects: 0.394400 ms CreateObjectMapping: 0.124700 ms MarkObjects: 4.305700 ms  DeleteObjects: 0.028600 ms)

AssetImportParameters requested are different than current active one (requested -> active):
  custom:framework-win-MediaFoundation: 216162199b28c13a410421893ffa2e32 -> 
  custom:video-decoder-ogg-theora: a1e56fd34408186e4bbccfd4996cb3dc -> 
  custom:container-muxer-webm: aa71ff27fc2769a1b78a27578f13a17b -> 
  custom:container-demuxer-webm: 4f35f7cbe854078d1ac9338744f61a02 -> 
  custom:container-demuxer-ogg: 62fdf1f143b41e24485cea50d1cbac27 -> 
  custom:video-encoder-webm-vp8: eb34c28f22e8b96e1ab97ce403110664 -> 
  custom:video-codec-MediaFoundation-h265: 746d11721c4dcdbdad8f713fa42b33f4 -> 
  custom:video-decoder-webm-vp8: 9c59270c3fd7afecdb556c50c9e8de78 -> 
  custom:audio-decoder-ogg-vorbis: bf7c407c2cedff20999df2af8eb42d56 -> 
  custom:audio-encoder-webm-vorbis: bf7c407c2cedff20999df2af8eb42d56 -> 
========================================================================
Received Import Request.
  Time since last request: 100.990999 seconds.
  path: Assets/Invert.prefab
  artifactKey: Guid(14114464da8022c4fbf0b791a39168f8) Importer(815301076,1909f56bfc062723c751e8b465ee728b)
Start importing Assets/Invert.prefab using Guid(14114464da8022c4fbf0b791a39168f8) Importer(815301076,1909f56bfc062723c751e8b465ee728b)  -> (artifact id: '304534bdc1d467d9dd91b5779d4ce9f2') in 0.239194 seconds 
  Import took 0.256640 seconds .

========================================================================
Received Import Request.
  Time since last request: 0.000326 seconds.
  path: Assets/SloMo.prefab
  artifactKey: Guid(ba75ef476de3b1440b7d7b8a6f23624d) Importer(815301076,1909f56bfc062723c751e8b465ee728b)
Start importing Assets/SloMo.prefab using Guid(ba75ef476de3b1440b7d7b8a6f23624d) Importer(815301076,1909f56bfc062723c751e8b465ee728b)  -> (artifact id: 'a36f03b1c7ff95f9ad554a0e7c3bee51') in 0.019504 seconds 
  Import took 0.027161 seconds .

========================================================================
Received Import Request.
  Time since last request: 0.000491 seconds.
  path: Assets/PushBack.prefab
  artifactKey: Guid(1d6abe7b59606e542b873d5d9d5c8177) Importer(815301076,1909f56bfc062723c751e8b465ee728b)
Start importing Assets/PushBack.prefab using Guid(1d6abe7b59606e542b873d5d9d5c8177) Importer(815301076,1909f56bfc062723c751e8b465ee728b)  -> (artifact id: 'a91c89a93505a0befdb006103b140b07') in 0.022908 seconds 
  Import took 0.031309 seconds .

========================================================================
Received Import Request.
  Time since last request: 0.000605 seconds.
  path: Assets/PullForward.prefab
  artifactKey: Guid(d20428b97bd7e9c46b7a2ec21fbbe7b2) Importer(815301076,1909f56bfc062723c751e8b465ee728b)
Start importing Assets/PullForward.prefab using Guid(d20428b97bd7e9c46b7a2ec21fbbe7b2) Importer(815301076,1909f56bfc062723c751e8b465ee728b)  -> (artifact id: '7a8a1ab4b339ac45ef4c687b917578d3') in 0.033875 seconds 
  Import took 0.042216 seconds .

========================================================================
Received Prepare
Registering precompiled user dll's ...
Registered in 0.007141 seconds.
Begin MonoManager ReloadAssembly
Native extension for WindowsStandalone target not found
Refreshing native plugins compatible for Editor in 0.84 ms, found 2 plugins.
Preloading 0 native plugins for Editor in 0.00 ms.
Mono: successfully reloaded assembly
- Completed reload, in  1.602 seconds
Domain Reload Profiling:
	ReloadAssembly (1603ms)
		BeginReloadAssembly (182ms)
			ExecutionOrderSort (0ms)
			DisableScriptedObjects (16ms)
			BackupInstance (0ms)
			ReleaseScriptingObjects (0ms)
			CreateAndSetChildDomain (63ms)
		EndReloadAssembly (1330ms)
			LoadAssemblies (122ms)
			RebuildTransferFunctionScriptingTraits (0ms)
			SetupTypeCache (427ms)
			ReleaseScriptCaches (2ms)
			RebuildScriptCaches (83ms)
			SetupLoadedEditorAssemblies (459ms)
				LogAssemblyErrors (0ms)
				InitializePlatformSupportModulesInManaged (8ms)
				SetLoadedEditorAssemblies (1ms)
				RefreshPlugins (1ms)
				BeforeProcessingInitializeOnLoad (128ms)
				ProcessInitializeOnLoadAttributes (298ms)
				ProcessInitializeOnLoadMethodAttributes (11ms)
				AfterProcessingInitializeOnLoad (10ms)
				EditorAssembliesLoaded (0ms)
			ExecutionOrderSort2 (0ms)
			AwakeInstancesAfterBackupRestoration (26ms)
Platform modules already initialized, skipping
Refreshing native plugins compatible for Editor in 0.80 ms, found 2 plugins.
Preloading 0 native plugins for Editor in 0.00 ms.
Unloading 2797 Unused Serialized files (Serialized files now loaded: 0)
System memory in use before: 132.2 MB.
System memory in use after: 132.4 MB.

Unloading 15 unused Assets to reduce memory usage. Loaded Objects now: 3547.
Total: 5.894800 ms (FindLiveObjects: 0.446100 ms CreateObjectMapping: 0.177800 ms MarkObjects: 5.239900 ms  DeleteObjects: 0.029500 ms)

AssetImportParameters requested are different than current active one (requested -> active):
  custom:framework-win-MediaFoundation: 216162199b28c13a410421893ffa2e32 -> 
  custom:video-decoder-ogg-theora: a1e56fd34408186e4bbccfd4996cb3dc -> 
  custom:container-muxer-webm: aa71ff27fc2769a1b78a27578f13a17b -> 
  custom:container-demuxer-webm: 4f35f7cbe854078d1ac9338744f61a02 -> 
  custom:container-demuxer-ogg: 62fdf1f143b41e24485cea50d1cbac27 -> 
  custom:video-encoder-webm-vp8: eb34c28f22e8b96e1ab97ce403110664 -> 
  custom:video-codec-MediaFoundation-h265: 746d11721c4dcdbdad8f713fa42b33f4 -> 
  custom:video-decoder-webm-vp8: 9c59270c3fd7afecdb556c50c9e8de78 -> 
  custom:audio-decoder-ogg-vorbis: bf7c407c2cedff20999df2af8eb42d56 -> 
  custom:audio-encoder-webm-vorbis: bf7c407c2cedff20999df2af8eb42d56 -> 
========================================================================
Received Import Request.
  Time since last request: 112.112781 seconds.
  path: Assets/Invert.prefab
  artifactKey: Guid(14114464da8022c4fbf0b791a39168f8) Importer(815301076,1909f56bfc062723c751e8b465ee728b)
Start importing Assets/Invert.prefab using Guid(14114464da8022c4fbf0b791a39168f8) Importer(815301076,1909f56bfc062723c751e8b465ee728b)  -> (artifact id: '2a7469514b7a0339b8f93e9e1317ce01') in 0.280415 seconds 
  Import took 0.288463 seconds .

========================================================================
Received Import Request.
  Time since last request: 0.000342 seconds.
  path: Assets/SloMo.prefab
  artifactKey: Guid(ba75ef476de3b1440b7d7b8a6f23624d) Importer(815301076,1909f56bfc062723c751e8b465ee728b)
Start importing Assets/SloMo.prefab using Guid(ba75ef476de3b1440b7d7b8a6f23624d) Importer(815301076,1909f56bfc062723c751e8b465ee728b)  -> (artifact id: 'd533bbaf0338671dc45af1fa59a8e8b4') in 0.019200 seconds 
  Import took 0.026271 seconds .

========================================================================
Received Import Request.
  Time since last request: 0.000298 seconds.
  path: Assets/PushBack.prefab
  artifactKey: Guid(1d6abe7b59606e542b873d5d9d5c8177) Importer(815301076,1909f56bfc062723c751e8b465ee728b)
Start importing Assets/PushBack.prefab using Guid(1d6abe7b59606e542b873d5d9d5c8177) Importer(815301076,1909f56bfc062723c751e8b465ee728b)  -> (artifact id: '49102502287e5987e7fddfaea56b9ccf') in 0.020543 seconds 
  Import took 0.026955 seconds .

========================================================================
Received Import Request.
  Time since last request: 0.000333 seconds.
  path: Assets/PullForward.prefab
  artifactKey: Guid(d20428b97bd7e9c46b7a2ec21fbbe7b2) Importer(815301076,1909f56bfc062723c751e8b465ee728b)
Start importing Assets/PullForward.prefab using Guid(d20428b97bd7e9c46b7a2ec21fbbe7b2) Importer(815301076,1909f56bfc062723c751e8b465ee728b)  -> (artifact id: '07f2636a05a9b373e4f50933bf0e0c38') in 0.022202 seconds 
  Import took 0.029972 seconds .

========================================================================
Received Prepare
Registering precompiled user dll's ...
Registered in 0.010187 seconds.
Begin MonoManager ReloadAssembly
Native extension for WindowsStandalone target not found
Refreshing native plugins compatible for Editor in 0.68 ms, found 2 plugins.
Preloading 0 native plugins for Editor in 0.00 ms.
Mono: successfully reloaded assembly
- Completed reload, in  1.548 seconds
Domain Reload Profiling:
	ReloadAssembly (1549ms)
		BeginReloadAssembly (178ms)
			ExecutionOrderSort (0ms)
			DisableScriptedObjects (14ms)
			BackupInstance (0ms)
			ReleaseScriptingObjects (0ms)
			CreateAndSetChildDomain (56ms)
		EndReloadAssembly (1285ms)
			LoadAssemblies (125ms)
			RebuildTransferFunctionScriptingTraits (0ms)
			SetupTypeCache (408ms)
			ReleaseScriptCaches (3ms)
			RebuildScriptCaches (80ms)
			SetupLoadedEditorAssemblies (463ms)
				LogAssemblyErrors (0ms)
				InitializePlatformSupportModulesInManaged (6ms)
				SetLoadedEditorAssemblies (1ms)
				RefreshPlugins (1ms)
				BeforeProcessingInitializeOnLoad (132ms)
				ProcessInitializeOnLoadAttributes (302ms)
				ProcessInitializeOnLoadMethodAttributes (11ms)
				AfterProcessingInitializeOnLoad (10ms)
				EditorAssembliesLoaded (0ms)
			ExecutionOrderSort2 (0ms)
			AwakeInstancesAfterBackupRestoration (27ms)
Platform modules already initialized, skipping
Refreshing native plugins compatible for Editor in 0.68 ms, found 2 plugins.
Preloading 0 native plugins for Editor in 0.00 ms.
Unloading 2797 Unused Serialized files (Serialized files now loaded: 0)
System memory in use before: 132.3 MB.
System memory in use after: 132.5 MB.

Unloading 15 unused Assets to reduce memory usage. Loaded Objects now: 3585.
Total: 6.894800 ms (FindLiveObjects: 0.475000 ms CreateObjectMapping: 0.155300 ms MarkObjects: 6.234400 ms  DeleteObjects: 0.028400 ms)

AssetImportParameters requested are different than current active one (requested -> active):
  custom:framework-win-MediaFoundation: 216162199b28c13a410421893ffa2e32 -> 
  custom:video-decoder-ogg-theora: a1e56fd34408186e4bbccfd4996cb3dc -> 
  custom:container-muxer-webm: aa71ff27fc2769a1b78a27578f13a17b -> 
  custom:container-demuxer-webm: 4f35f7cbe854078d1ac9338744f61a02 -> 
  custom:container-demuxer-ogg: 62fdf1f143b41e24485cea50d1cbac27 -> 
  custom:video-encoder-webm-vp8: eb34c28f22e8b96e1ab97ce403110664 -> 
  custom:video-codec-MediaFoundation-h265: 746d11721c4dcdbdad8f713fa42b33f4 -> 
  custom:video-decoder-webm-vp8: 9c59270c3fd7afecdb556c50c9e8de78 -> 
  custom:audio-decoder-ogg-vorbis: bf7c407c2cedff20999df2af8eb42d56 -> 
  custom:audio-encoder-webm-vorbis: bf7c407c2cedff20999df2af8eb42d56 -> 
